# JRE version: OpenJDK Runtime Environment (8.0_171-b11) (build 1.8.0_171-8u171-b11-0ubuntu0.16.04.1-b11)
# Java VM: OpenJDK 64-Bit Server VM (25.171-b11 mixed mode linux-amd64 compressed oops)
Heap:
 def new generation   total 28224K, used 0K [0x0000000700000000, 0x0000000701e90000, 0x0000000740000000)
  eden space 25152K,   0% used [0x0000000700000000, 0x0000000700000000, 0x0000000701890000)
  from space 3072K,   0% used [0x0000000701890000, 0x0000000701890000, 0x0000000701b90000)
  to   space 3072K,   0% used [0x0000000701b90000, 0x0000000701b90000, 0x0000000701e90000)
 tenured generation   total 62864K, used 62392K [0x0000000740000000, 0x0000000743d64000, 0x00000007c0000000)
   the space 62864K,  99% used [0x0000000740000000, 0x0000000743cee3d0, 0x0000000743cee400, 0x0000000743d64000)
 Metaspace       used 6625K, capacity 6824K, committed 6912K, reserved 1056768K
  class space    used 707K, capacity 762K, committed 768K, reserved 1048576K
GC Heap History (10 events):
Event: 6.734 GC heap after
Heap after GC invocations=7 (full 1):
 def new generation   total 9920K, used 1088K [0x0000000700000000, 0x0000000700ac0000, 0x0000000740000000)
  eden space 8832K,   0% used [0x0000000700000000, 0x0000000700000000, 0x00000007008a0000)
  from space 1088K, 100% used [0x00000007009b0000, 0x0000000700ac0000, 0x0000000700ac0000)
  to   space 1088K,   0% used [0x00000007008a0000, 0x00000007008a0000, 0x00000007009b0000)
 tenured generation   total 21992K, used 18106K [0x0000000740000000, 0x000000074157a000, 0x00000007c0000000)
   the space 21992K,  82% used [0x0000000740000000, 0x00000007411aebb0, 0x00000007411aec00, 0x000000074157a000)
 Metaspace       used 6408K, capacity 6564K, committed 6656K, reserved 1056768K
  class space    used 680K, capacity 740K, committed 768K, reserved 1048576K
}
Event: 7.115 GC heap before
{Heap before GC invocations=7 (full 1):
 def new generation   total 9920K, used 8412K [0x0000000700000000, 0x0000000700ac0000, 0x0000000740000000)
  eden space 8832K,  82% used [0x0000000700000000, 0x0000000700727188, 0x00000007008a0000)
  from space 1088K, 100% used [0x00000007009b0000, 0x0000000700ac0000, 0x0000000700ac0000)
  to   space 1088K,   0% used [0x00000007008a0000, 0x00000007008a0000, 0x00000007009b0000)
 tenured generation   total 21992K, used 18106K [0x0000000740000000, 0x000000074157a000, 0x00000007c0000000)
   the space 21992K,  82% used [0x0000000740000000, 0x00000007411aebb0, 0x00000007411aec00, 0x000000074157a000)
 Metaspace       used 6587K, capacity 6760K, committed 6912K, reserved 1056768K
  class space    used 707K, capacity 762K, committed 768K, reserved 1048576K
Event: 7.265 GC heap after
Heap after GC invocations=8 (full 2):
 def new generation   total 16832K, used 328K [0x0000000700000000, 0x0000000701240000, 0x0000000740000000)
  eden space 14976K,   2% used [0x0000000700000000, 0x0000000700052140, 0x0000000700ea0000)
  from space 1856K,   0% used [0x0000000700ea0000, 0x0000000700ea0000, 0x0000000701070000)
  to   space 1856K,   0% used [0x0000000701070000, 0x0000000701070000, 0x0000000701240000)
 tenured generation   total 37296K, used 22375K [0x0000000740000000, 0x000000074246c000, 0x00000007c0000000)
   the space 37296K,  59% used [0x0000000740000000, 0x00000007415d9fe8, 0x00000007415da000, 0x000000074246c000)
 Metaspace       used 6587K, capacity 6760K, committed 6912K, reserved 1056768K
  class space    used 707K, capacity 762K, committed 768K, reserved 1048576K
}
Event: 7.422 GC heap before
{Heap before GC invocations=8 (full 2):
 def new generation   total 16832K, used 14976K [0x0000000700000000, 0x0000000701240000, 0x0000000740000000)
  eden space 14976K, 100% used [0x0000000700000000, 0x0000000700ea0000, 0x0000000700ea0000)
  from space 1856K,   0% used [0x0000000700ea0000, 0x0000000700ea0000, 0x0000000701070000)
  to   space 1856K,   0% used [0x0000000701070000, 0x0000000701070000, 0x0000000701240000)
 tenured generation   total 37296K, used 22375K [0x0000000740000000, 0x000000074246c000, 0x00000007c0000000)
   the space 37296K,  59% used [0x0000000740000000, 0x00000007415d9fe8, 0x00000007415da000, 0x000000074246c000)
 Metaspace       used 6618K, capacity 6824K, committed 6912K, reserved 1056768K
  class space    used 707K, capacity 762K, committed 768K, reserved 1048576K
Event: 7.480 GC heap after
Heap after GC invocations=9 (full 2):
 def new generation   total 16832K, used 1856K [0x0000000700000000, 0x0000000701240000, 0x0000000740000000)
  eden space 14976K,   0% used [0x0000000700000000, 0x0000000700000000, 0x0000000700ea0000)
  from space 1856K, 100% used [0x0000000701070000, 0x0000000701240000, 0x0000000701240000)
  to   space 1856K,   0% used [0x0000000700ea0000, 0x0000000700ea0000, 0x0000000701070000)
 tenured generation   total 37296K, used 30101K [0x0000000740000000, 0x000000074246c000, 0x00000007c0000000)
   the space 37296K,  80% used [0x0000000740000000, 0x0000000741d65540, 0x0000000741d65600, 0x000000074246c000)
 Metaspace       used 6618K, capacity 6824K, committed 6912K, reserved 1056768K
  class space    used 707K, capacity 762K, committed 768K, reserved 1048576K
}
Event: 7.667 GC heap before
{Heap before GC invocations=9 (full 2):
 def new generation   total 16832K, used 16832K [0x0000000700000000, 0x0000000701240000, 0x0000000740000000)
  eden space 14976K, 100% used [0x0000000700000000, 0x0000000700ea0000, 0x0000000700ea0000)
  from space 1856K, 100% used [0x0000000701070000, 0x0000000701240000, 0x0000000701240000)
  to   space 1856K,   0% used [0x0000000700ea0000, 0x0000000700ea0000, 0x0000000701070000)
 tenured generation   total 37296K, used 30101K [0x0000000740000000, 0x000000074246c000, 0x00000007c0000000)
   the space 37296K,  80% used [0x0000000740000000, 0x0000000741d65540, 0x0000000741d65600, 0x000000074246c000)
 Metaspace       used 6624K, capacity 6824K, committed 6912K, reserved 1056768K
  class space    used 707K, capacity 762K, committed 768K, reserved 1048576K
Event: 13.426 GC heap after
Heap after GC invocations=10 (full 3):
 def new generation   total 28224K, used 1758K [0x0000000700000000, 0x0000000701e90000, 0x0000000740000000)
  eden space 25152K,   6% used [0x0000000700000000, 0x00000007001b7978, 0x0000000701890000)
  from space 3072K,   0% used [0x0000000701890000, 0x0000000701890000, 0x0000000701b90000)
  to   space 3072K,   0% used [0x0000000701b90000, 0x0000000701b90000, 0x0000000701e90000)
 tenured generation   total 62480K, used 37487K [0x0000000740000000, 0x0000000743d04000, 0x00000007c0000000)
   the space 62480K,  59% used [0x0000000740000000, 0x000000074249bff0, 0x000000074249c000, 0x0000000743d04000)
 Metaspace       used 6624K, capacity 6824K, committed 6912K, reserved 1056768K
  class space    used 707K, capacity 762K, committed 768K, reserved 1048576K
}
Event: 13.937 GC heap before
{Heap before GC invocations=10 (full 3):
 def new generation   total 28224K, used 25152K [0x0000000700000000, 0x0000000701e90000, 0x0000000740000000)
  eden space 25152K, 100% used [0x0000000700000000, 0x0000000701890000, 0x0000000701890000)
  from space 3072K,   0% used [0x0000000701890000, 0x0000000701890000, 0x0000000701b90000)
  to   space 3072K,   0% used [0x0000000701b90000, 0x0000000701b90000, 0x0000000701e90000)
 tenured generation   total 62480K, used 37487K [0x0000000740000000, 0x0000000743d04000, 0x00000007c0000000)
   the space 62480K,  59% used [0x0000000740000000, 0x000000074249bff0, 0x000000074249c000, 0x0000000743d04000)
 Metaspace       used 6625K, capacity 6824K, committed 6912K, reserved 1056768K
  class space    used 707K, capacity 762K, committed 768K, reserved 1048576K
Event: 22.717 GC heap after
Heap after GC invocations=11 (full 3):
 def new generation   total 28224K, used 3072K [0x0000000700000000, 0x0000000701e90000, 0x0000000740000000)
  eden space 25152K,   0% used [0x0000000700000000, 0x0000000700000000, 0x0000000701890000)
  from space 3072K, 100% used [0x0000000701b90000, 0x0000000701e90000, 0x0000000701e90000)
  to   space 3072K,   0% used [0x0000000701890000, 0x0000000701890000, 0x0000000701b90000)
 tenured generation   total 62480K, used 49057K [0x0000000740000000, 0x0000000743d04000, 0x00000007c0000000)
   the space 62480K,  78% used [0x0000000740000000, 0x0000000742fe86f0, 0x0000000742fe8800, 0x0000000743d04000)
 Metaspace       used 6625K, capacity 6824K, committed 6912K, reserved 1056768K
  class space    used 707K, capacity 762K, committed 768K, reserved 1048576K
}
Event: 31.990 GC heap before
{Heap before GC invocations=11 (full 3):
 def new generation   total 28224K, used 28224K [0x0000000700000000, 0x0000000701e90000, 0x0000000740000000)
  eden space 25152K, 100% used [0x0000000700000000, 0x0000000701890000, 0x0000000701890000)
  from space 3072K, 100% used [0x0000000701b90000, 0x0000000701e90000, 0x0000000701e90000)
  to   space 3072K,   0% used [0x0000000701890000, 0x0000000701890000, 0x0000000701b90000)
 tenured generation   total 62480K, used 49057K [0x0000000740000000, 0x0000000743d04000, 0x00000007c0000000)
   the space 62480K,  78% used [0x0000000740000000, 0x0000000742fe86f0, 0x0000000742fe8800, 0x0000000743d04000)
 Metaspace       used 6625K, capacity 6824K, committed 6912K, reserved 1056768K
  class space    used 707K, capacity 762K, committed 768K, reserved 1048576K

